d:\uk\course\project\engine\pixelbrahma\pixelbrahma\thirdparty\box2d\bin-int\debug-windows-x86_64\box2d\b2_circle_shape.obj
d:\uk\course\project\engine\pixelbrahma\pixelbrahma\thirdparty\box2d\bin-int\debug-windows-x86_64\box2d\b2_contact_manager.obj
d:\uk\course\project\engine\pixelbrahma\pixelbrahma\thirdparty\box2d\bin-int\debug-windows-x86_64\box2d\b2_friction_joint.obj
d:\uk\course\project\engine\pixelbrahma\pixelbrahma\thirdparty\box2d\bin-int\debug-windows-x86_64\box2d\b2_prismatic_joint.obj
d:\uk\course\project\engine\pixelbrahma\pixelbrahma\thirdparty\box2d\bin-int\debug-windows-x86_64\box2d\b2_collide_edge.obj
d:\uk\course\project\engine\pixelbrahma\pixelbrahma\thirdparty\box2d\bin-int\debug-windows-x86_64\box2d\b2_chain_polygon_contact.obj
d:\uk\course\project\engine\pixelbrahma\pixelbrahma\thirdparty\box2d\bin-int\debug-windows-x86_64\box2d\b2_gear_joint.obj
d:\uk\course\project\engine\pixelbrahma\pixelbrahma\thirdparty\box2d\bin-int\debug-windows-x86_64\box2d\b2_revolute_joint.obj
d:\uk\course\project\engine\pixelbrahma\pixelbrahma\thirdparty\box2d\bin-int\debug-windows-x86_64\box2d\b2_chain_shape.obj
d:\uk\course\project\engine\pixelbrahma\pixelbrahma\thirdparty\box2d\bin-int\debug-windows-x86_64\box2d\b2_circle_contact.obj
d:\uk\course\project\engine\pixelbrahma\pixelbrahma\thirdparty\box2d\bin-int\debug-windows-x86_64\box2d\b2_joint.obj
d:\uk\course\project\engine\pixelbrahma\pixelbrahma\thirdparty\box2d\bin-int\debug-windows-x86_64\box2d\b2_broad_phase.obj
d:\uk\course\project\engine\pixelbrahma\pixelbrahma\thirdparty\box2d\bin-int\debug-windows-x86_64\box2d\b2_draw.obj
d:\uk\course\project\engine\pixelbrahma\pixelbrahma\thirdparty\box2d\bin-int\debug-windows-x86_64\box2d\b2_distance_joint.obj
d:\uk\course\project\engine\pixelbrahma\pixelbrahma\thirdparty\box2d\bin-int\debug-windows-x86_64\box2d\b2_mouse_joint.obj
d:\uk\course\project\engine\pixelbrahma\pixelbrahma\thirdparty\box2d\bin-int\debug-windows-x86_64\box2d\b2_collide_circle.obj
d:\uk\course\project\engine\pixelbrahma\pixelbrahma\thirdparty\box2d\bin-int\debug-windows-x86_64\box2d\b2_stack_allocator.obj
d:\uk\course\project\engine\pixelbrahma\pixelbrahma\thirdparty\box2d\bin-int\debug-windows-x86_64\box2d\b2_contact_solver.obj
d:\uk\course\project\engine\pixelbrahma\pixelbrahma\thirdparty\box2d\bin-int\debug-windows-x86_64\box2d\b2_polygon_contact.obj
d:\uk\course\project\engine\pixelbrahma\pixelbrahma\thirdparty\box2d\bin-int\debug-windows-x86_64\box2d\b2_collision.obj
d:\uk\course\project\engine\pixelbrahma\pixelbrahma\thirdparty\box2d\bin-int\debug-windows-x86_64\box2d\b2_body.obj
d:\uk\course\project\engine\pixelbrahma\pixelbrahma\thirdparty\box2d\bin-int\debug-windows-x86_64\box2d\b2_island.obj
d:\uk\course\project\engine\pixelbrahma\pixelbrahma\thirdparty\box2d\bin-int\debug-windows-x86_64\box2d\b2_pulley_joint.obj
d:\uk\course\project\engine\pixelbrahma\pixelbrahma\thirdparty\box2d\bin-int\debug-windows-x86_64\box2d\b2_distance.obj
d:\uk\course\project\engine\pixelbrahma\pixelbrahma\thirdparty\box2d\bin-int\debug-windows-x86_64\box2d\b2_block_allocator.obj
d:\uk\course\project\engine\pixelbrahma\pixelbrahma\thirdparty\box2d\bin-int\debug-windows-x86_64\box2d\b2_contact.obj
d:\uk\course\project\engine\pixelbrahma\pixelbrahma\thirdparty\box2d\bin-int\debug-windows-x86_64\box2d\b2_motor_joint.obj
d:\uk\course\project\engine\pixelbrahma\pixelbrahma\thirdparty\box2d\bin-int\debug-windows-x86_64\box2d\b2_world.obj
d:\uk\course\project\engine\pixelbrahma\pixelbrahma\thirdparty\box2d\bin-int\debug-windows-x86_64\box2d\b2_collide_polygon.obj
d:\uk\course\project\engine\pixelbrahma\pixelbrahma\thirdparty\box2d\bin-int\debug-windows-x86_64\box2d\b2_timer.obj
d:\uk\course\project\engine\pixelbrahma\pixelbrahma\thirdparty\box2d\bin-int\debug-windows-x86_64\box2d\b2_wheel_joint.obj
d:\uk\course\project\engine\pixelbrahma\pixelbrahma\thirdparty\box2d\bin-int\debug-windows-x86_64\box2d\b2_time_of_impact.obj
d:\uk\course\project\engine\pixelbrahma\pixelbrahma\thirdparty\box2d\bin-int\debug-windows-x86_64\box2d\b2_settings.obj
d:\uk\course\project\engine\pixelbrahma\pixelbrahma\thirdparty\box2d\bin-int\debug-windows-x86_64\box2d\b2_fixture.obj
d:\uk\course\project\engine\pixelbrahma\pixelbrahma\thirdparty\box2d\bin-int\debug-windows-x86_64\box2d\b2_world_callbacks.obj
d:\uk\course\project\engine\pixelbrahma\pixelbrahma\thirdparty\box2d\bin-int\debug-windows-x86_64\box2d\b2_dynamic_tree.obj
d:\uk\course\project\engine\pixelbrahma\pixelbrahma\thirdparty\box2d\bin-int\debug-windows-x86_64\box2d\b2_math.obj
d:\uk\course\project\engine\pixelbrahma\pixelbrahma\thirdparty\box2d\bin-int\debug-windows-x86_64\box2d\b2_edge_circle_contact.obj
d:\uk\course\project\engine\pixelbrahma\pixelbrahma\thirdparty\box2d\bin-int\debug-windows-x86_64\box2d\b2_rope.obj
d:\uk\course\project\engine\pixelbrahma\pixelbrahma\thirdparty\box2d\bin-int\debug-windows-x86_64\box2d\b2_polygon_shape.obj
d:\uk\course\project\engine\pixelbrahma\pixelbrahma\thirdparty\box2d\bin-int\debug-windows-x86_64\box2d\b2_edge_polygon_contact.obj
d:\uk\course\project\engine\pixelbrahma\pixelbrahma\thirdparty\box2d\bin-int\debug-windows-x86_64\box2d\b2_weld_joint.obj
d:\uk\course\project\engine\pixelbrahma\pixelbrahma\thirdparty\box2d\bin-int\debug-windows-x86_64\box2d\b2_edge_shape.obj
d:\uk\course\project\engine\pixelbrahma\pixelbrahma\thirdparty\box2d\bin-int\debug-windows-x86_64\box2d\b2_chain_circle_contact.obj
d:\uk\course\project\engine\pixelbrahma\pixelbrahma\thirdparty\box2d\bin-int\debug-windows-x86_64\box2d\b2_polygon_circle_contact.obj
d:\uk\course\project\engine\pixelbrahma\pixelbrahma\thirdparty\box2d\bin\debug-windows-x86_64\box2d\box2d.pdb
d:\uk\course\project\engine\pixelbrahma\pixelbrahma\thirdparty\box2d\bin\debug-windows-x86_64\box2d\box2d.lib
d:\uk\course\project\engine\pixelbrahma\pixelbrahma\thirdparty\box2d\bin-int\debug-windows-x86_64\box2d\box2d.tlog\cl.21188.write.1.tlog
d:\uk\course\project\engine\pixelbrahma\pixelbrahma\thirdparty\box2d\bin-int\debug-windows-x86_64\box2d\box2d.tlog\cl.command.1.tlog
d:\uk\course\project\engine\pixelbrahma\pixelbrahma\thirdparty\box2d\bin-int\debug-windows-x86_64\box2d\box2d.tlog\cl.read.1.tlog
d:\uk\course\project\engine\pixelbrahma\pixelbrahma\thirdparty\box2d\bin-int\debug-windows-x86_64\box2d\box2d.tlog\lib-link.read.1.tlog
d:\uk\course\project\engine\pixelbrahma\pixelbrahma\thirdparty\box2d\bin-int\debug-windows-x86_64\box2d\box2d.tlog\lib-link.write.1.tlog
d:\uk\course\project\engine\pixelbrahma\pixelbrahma\thirdparty\box2d\bin-int\debug-windows-x86_64\box2d\box2d.tlog\lib.command.1.tlog
